INFO:root:2021-02-06 16:40:30
INFO:root:Programm is running
INFO:root:2021-02-06 16:40:31
INFO:root:.!frame.!startpage window oppened
INFO:root:2021-02-06 16:40:34
INFO:root:Quit button pressed
INFO:root:2021-02-06 16:40:47
INFO:root:Programm is running
INFO:root:2021-02-06 16:40:47
INFO:root:.!frame.!startpage window oppened
INFO:root:2021-02-06 16:40:49
INFO:root:.!frame.!code window oppened
INFO:root:2021-02-06 16:40:51
INFO:root:.!frame.!startpage window oppened
INFO:root:2021-02-06 16:40:52
INFO:root:Quit button pressed
INFO:root:2021-02-06 16:43:37
INFO:root:Programm is running
INFO:root:2021-02-06 16:43:38
INFO:root:.!frame.!startpage window oppened
INFO:root:2021-02-06 16:43:39
INFO:root:.!frame.!code window oppened
INFO:root:2021-02-06 16:43:40
INFO:root:.!frame.!xor window oppened
INFO:root:2021-02-06 16:43:44
INFO:root:2021-02-06 16:43:51
INFO:root:Quit button pressed
INFO:root:2021-02-06 16:44:24
INFO:root:Programm is running
INFO:root:2021-02-06 16:44:25
INFO:root:.!frame.!startpage window oppened
INFO:root:2021-02-06 16:44:26
INFO:root:.!frame.!code window oppened
INFO:root:2021-02-06 16:44:27
INFO:root:.!frame.!xor window oppened
INFO:root:2021-02-06 16:44:30
INFO:root:all data:
INFO:root:['2021-02-06 16:44', 'XOR', 'hello', '^SZZ]']
INFO:root:2021-02-06 16:44:32
INFO:root:Quit button pressed
INFO:root:2021-02-06 16:46:14
INFO:root:Programm is running
INFO:root:2021-02-06 16:46:15
INFO:root:.!frame.!startpage window oppened
INFO:root:2021-02-06 16:46:17
INFO:root:.!frame.!code window oppened
INFO:root:2021-02-06 16:46:18
INFO:root:.!frame.!xor window oppened
INFO:root:2021-02-06 16:46:21
INFO:root:all data:
INFO:root:['2021-02-06 16:46', 'XOR', 'hello', '!$\x1d\x1d\x1e']
INFO:root:2021-02-06 16:46:22
INFO:root:.!frame.!startpage window oppened
INFO:root:2021-02-06 16:46:23
INFO:root:.!frame.!code window oppened
INFO:root:2021-02-06 16:46:24
INFO:root:.!frame.!cesar window oppened
INFO:root:2021-02-06 16:46:31
INFO:root:all data:
INFO:root:['2021-02-06 16:46', 'Cesar', 'hello', 'ifmmp']
INFO:root:2021-02-06 16:46:33
INFO:root:Quit button pressed
INFO:root:2021-02-06 18:29:34
INFO:root:Programm is running
INFO:root:2021-02-06 18:30:36
INFO:root:Programm is running
INFO:root:2021-02-06 18:30:46
INFO:root:Programm is running
INFO:root:2021-02-06 18:30:59
INFO:root:Programm is running
INFO:root:2021-02-06 18:31:18
INFO:root:Programm is running
INFO:root:2021-02-06 18:31:32
INFO:root:Programm is running
INFO:root:2021-02-06 18:32:22
INFO:root:Programm is running
INFO:root:2021-02-06 18:32:37
INFO:root:Programm is running
INFO:root:2021-02-06 18:33:27
INFO:root:Programm is running
INFO:root:2021-02-06 18:33:28
INFO:root:.!frame.!startpage window oppened
INFO:root:2021-02-06 18:33:30
INFO:root:.!frame.!historypage window oppened
INFO:root:2021-02-06 18:33:36
INFO:root:Quit button pressed
INFO:root:2021-02-06 18:33:57
INFO:root:Programm is running
INFO:root:2021-02-06 18:33:58
INFO:root:.!frame.!startpage window oppened
INFO:root:2021-02-06 18:34:00
INFO:root:.!frame.!historypage window oppened
INFO:root:2021-02-06 18:34:22
INFO:root:Quit button pressed
INFO:root:2021-02-06 18:34:52
INFO:root:Programm is running
INFO:root:2021-02-06 18:34:52
INFO:root:.!frame.!startpage window oppened
INFO:root:2021-02-06 18:34:54
INFO:root:.!frame.!historypage window oppened
INFO:root:2021-02-06 18:35:24
INFO:root:Quit button pressed
INFO:root:2021-02-06 18:35:37
INFO:root:Programm is running
INFO:root:2021-02-06 18:35:38
INFO:root:.!frame.!startpage window oppened
INFO:root:2021-02-06 18:35:40
INFO:root:.!frame.!historypage window oppened
INFO:root:2021-02-06 18:38:01
INFO:root:.!frame.!code window oppened
INFO:root:2021-02-06 18:38:03
INFO:root:Quit button pressed
INFO:root:2021-02-06 18:38:06
INFO:root:Programm is running
INFO:root:2021-02-06 18:38:07
INFO:root:.!frame.!startpage window oppened
INFO:root:2021-02-06 18:38:08
INFO:root:.!frame.!historypage window oppened
INFO:root:2021-02-06 18:38:42
INFO:root:Quit button pressed
INFO:root:2021-02-06 18:39:23
INFO:root:Programm is running
INFO:root:2021-02-06 18:39:24
INFO:root:.!frame.!startpage window oppened
INFO:root:2021-02-06 18:39:25
INFO:root:.!frame.!historypage window oppened
INFO:root:2021-02-06 18:39:53
INFO:root:Quit button pressed
INFO:root:2021-02-06 18:41:19
INFO:root:Programm is running
INFO:root:2021-02-06 18:45:08
INFO:root:Programm is running
INFO:root:2021-02-06 18:45:24
INFO:root:Programm is running
INFO:root:2021-02-06 18:47:38
INFO:root:Programm is running
INFO:root:2021-02-06 18:48:31
INFO:root:Programm is running
INFO:root:2021-02-06 18:49:23
INFO:root:Programm is running
INFO:root:2021-02-06 18:49:24
INFO:root:.!frame.!startpage window oppened
INFO:root:2021-02-06 18:53:37
INFO:root:.!frame.!code window oppened
INFO:root:2021-02-06 18:53:38
INFO:root:.!frame.!code window oppened
INFO:root:2021-02-06 18:53:41
INFO:root:Quit button pressed
INFO:root:2021-02-06 18:53:48
INFO:root:Programm is running
INFO:root:2021-02-06 18:53:49
INFO:root:.!frame.!startpage window oppened
INFO:root:2021-02-06 18:53:52
INFO:root:.!frame.!historypage window oppened
INFO:root:2021-02-06 18:54:22
INFO:root:Clear history button pressed
INFO:root:2021-02-06 18:54:23
INFO:root:.!frame.!historypage window oppened
INFO:root:2021-02-06 18:54:25
INFO:root:.!frame.!startpage window oppened
INFO:root:2021-02-06 18:54:26
INFO:root:.!frame.!historypage window oppened
INFO:root:2021-02-06 18:54:28
INFO:root:Clear history button pressed
INFO:root:2021-02-06 18:54:28
INFO:root:Quit button pressed
INFO:root:2021-02-06 18:54:32
INFO:root:Programm is running
INFO:root:2021-02-06 18:54:32
INFO:root:.!frame.!startpage window oppened
INFO:root:2021-02-06 18:54:34
INFO:root:.!frame.!historypage window oppened
INFO:root:2021-02-06 18:54:44
INFO:root:Quit button pressed
INFO:root:2021-02-06 18:56:06
INFO:root:Programm is running
INFO:root:2021-02-06 18:56:06
INFO:root:.!frame.!startpage window oppened
INFO:root:2021-02-06 18:56:08
INFO:root:.!frame.!historypage window oppened
INFO:root:2021-02-06 18:56:12
INFO:root:.!frame.!startpage window oppened
INFO:root:2021-02-06 18:56:12
INFO:root:.!frame.!code window oppened
INFO:root:2021-02-06 18:56:13
INFO:root:.!frame.!xor window oppened
INFO:root:2021-02-06 18:56:17
INFO:root:all data:
INFO:root:['2021-02-06 18:56', 'XOR', 'hello', 'boffi']
INFO:root:2021-02-06 18:56:19
INFO:root:.!frame.!startpage window oppened
INFO:root:2021-02-06 18:56:21
INFO:root:.!frame.!historypage window oppened
INFO:root:2021-02-06 18:56:23
INFO:root:.!frame.!historypage window oppened
INFO:root:2021-02-06 18:56:30
INFO:root:Quit button pressed
INFO:root:2021-02-06 19:01:26
INFO:root:Programm is running
INFO:root:2021-02-06 19:01:26
INFO:root:.!frame.!startpage window oppened
INFO:root:2021-02-06 19:01:41
INFO:root:.!frame.!historypage window oppened
INFO:root:2021-02-06 19:01:47
INFO:root:Clear history button pressed
INFO:root:2021-02-06 19:01:48
INFO:root:History refreshed
INFO:root:2021-02-06 19:01:50
INFO:root:Quit button pressed
INFO:root:2021-02-06 19:04:54
INFO:root:Programm is running
INFO:root:2021-02-06 19:04:54
INFO:root:.!frame.!startpage window oppened
INFO:root:2021-02-06 19:04:56
INFO:root:.!frame.!historypage window oppened
INFO:root:2021-02-06 19:04:57
INFO:root:History refreshed
INFO:root:2021-02-06 19:05:13
INFO:root:.!frame.!code window oppened
INFO:root:2021-02-06 19:05:15
INFO:root:Programm is running
INFO:root:2021-02-06 19:05:16
INFO:root:.!frame.!startpage window oppened
INFO:root:2021-02-06 19:05:17
INFO:root:Quit button pressed
INFO:root:2021-02-06 19:05:20
INFO:root:Quit button pressed
INFO:root:2021-02-06 19:05:23
INFO:root:Programm is running
INFO:root:2021-02-06 19:05:23
INFO:root:.!frame.!startpage window oppened
INFO:root:2021-02-06 19:05:31
INFO:root:.!frame.!historypage window oppened
INFO:root:2021-02-06 19:05:32
INFO:root:History refreshed
INFO:root:2021-02-06 19:06:49
INFO:root:.!frame.!code window oppened
INFO:root:2021-02-06 19:06:51
INFO:root:Programm is running
INFO:root:2021-02-06 19:06:52
INFO:root:.!frame.!startpage window oppened
INFO:root:2021-02-06 19:06:53
INFO:root:Quit button pressed
INFO:root:2021-02-06 19:06:56
INFO:root:Quit button pressed
INFO:root:2021-02-06 19:06:59
INFO:root:Programm is running
INFO:root:2021-02-06 19:06:59
INFO:root:.!frame.!startpage window oppened
INFO:root:2021-02-06 19:07:04
INFO:root:.!frame.!historypage window oppened
INFO:root:2021-02-06 19:07:05
INFO:root:History refreshed
INFO:root:2021-02-06 19:07:07
INFO:root:Quit button pressed
INFO:root:2021-02-06 19:07:40
INFO:root:Programm is running
INFO:root:2021-02-06 19:07:41
INFO:root:.!frame.!startpage window oppened
INFO:root:2021-02-06 19:07:42
INFO:root:.!frame.!historypage window oppened
INFO:root:2021-02-06 19:07:43
INFO:root:History refreshed
INFO:root:2021-02-06 19:08:02
INFO:root:.!frame.!code window oppened
INFO:root:2021-02-06 19:08:04
INFO:root:Programm is running
INFO:root:2021-02-06 19:08:05
INFO:root:.!frame.!startpage window oppened
INFO:root:2021-02-06 19:08:06
INFO:root:Quit button pressed
INFO:root:2021-02-06 19:08:08
INFO:root:.!frame.!historypage window oppened
INFO:root:2021-02-06 19:08:09
INFO:root:History refreshed
INFO:root:2021-02-06 19:08:58
INFO:root:.!frame.!code window oppened
INFO:root:2021-02-06 19:09:00
INFO:root:Programm is running
INFO:root:2021-02-06 19:09:01
INFO:root:.!frame.!startpage window oppened
INFO:root:2021-02-06 19:09:01
INFO:root:Quit button pressed
INFO:root:2021-02-06 19:09:02
INFO:root:.!frame.!historypage window oppened
INFO:root:2021-02-06 19:09:04
INFO:root:History refreshed
INFO:root:2021-02-06 19:09:06
INFO:root:History refreshed
INFO:root:2021-02-06 19:09:06
INFO:root:History refreshed
INFO:root:2021-02-06 19:09:06
INFO:root:History refreshed
INFO:root:2021-02-06 19:09:07
INFO:root:History refreshed
INFO:root:2021-02-06 19:09:07
INFO:root:History refreshed
INFO:root:2021-02-06 19:09:07
INFO:root:History refreshed
INFO:root:2021-02-06 19:09:15
INFO:root:.!frame.!startpage window oppened
INFO:root:2021-02-06 19:09:15
INFO:root:.!frame.!code window oppened
INFO:root:2021-02-06 19:09:16
INFO:root:.!frame.!xor window oppened
INFO:root:2021-02-06 19:09:19
INFO:root:all data:
INFO:root:['2021-02-06 19:09', 'XOR', 'hello', 'S^WWT']
INFO:root:2021-02-06 19:09:22
INFO:root:.!frame.!startpage window oppened
INFO:root:2021-02-06 19:09:23
INFO:root:.!frame.!historypage window oppened
INFO:root:2021-02-06 19:09:25
INFO:root:History refreshed
INFO:root:2021-02-06 19:09:57
INFO:root:.!frame.!code window oppened
INFO:root:2021-02-06 19:09:59
INFO:root:Programm is running
INFO:root:2021-02-06 19:10:00
INFO:root:.!frame.!startpage window oppened
INFO:root:2021-02-06 19:10:00
INFO:root:Quit button pressed
INFO:root:2021-02-06 19:10:04
INFO:root:.!frame.!historypage window oppened
INFO:root:2021-02-06 19:10:07
INFO:root:History refreshed
INFO:root:2021-02-06 19:10:07
INFO:root:History refreshed
INFO:root:2021-02-06 19:10:08
INFO:root:History refreshed
INFO:root:2021-02-06 19:10:11
INFO:root:.!frame.!startpage window oppened
INFO:root:2021-02-06 19:10:12
INFO:root:.!frame.!code window oppened
INFO:root:2021-02-06 19:10:12
INFO:root:.!frame.!xor window oppened
INFO:root:2021-02-06 19:10:12
INFO:root:all data:
INFO:root:['2021-02-06 19:10', 'XOR', '', '']
INFO:root:2021-02-06 19:10:15
INFO:root:.!frame.!startpage window oppened
INFO:root:2021-02-06 19:10:16
INFO:root:.!frame.!historypage window oppened
INFO:root:2021-02-06 19:10:19
INFO:root:Quit button pressed
INFO:root:2021-02-06 19:10:22
INFO:root:Programm is running
INFO:root:2021-02-06 19:10:23
INFO:root:.!frame.!startpage window oppened
INFO:root:2021-02-06 19:10:25
INFO:root:.!frame.!historypage window oppened
INFO:root:2021-02-06 19:11:57
INFO:root:.!frame.!code window oppened
INFO:root:2021-02-06 19:12:29
INFO:root:.!frame.!code window oppened
INFO:root:2021-02-06 19:12:31
INFO:root:Programm is running
INFO:root:2021-02-06 19:12:32
INFO:root:.!frame.!startpage window oppened
INFO:root:2021-02-06 19:12:33
INFO:root:Quit button pressed
INFO:root:2021-02-06 19:12:35
INFO:root:.!frame.!historypage window oppened
INFO:root:2021-02-06 19:12:46
INFO:root:Quit button pressed
INFO:root:2021-02-06 19:16:59
INFO:root:Programm is running
INFO:root:2021-02-06 19:17:00
INFO:root:.!frame.!startpage window oppened
INFO:root:2021-02-06 19:17:02
INFO:root:.!frame.!historypage window oppened
INFO:root:2021-02-06 19:17:08
INFO:root:.!frame.!startpage window oppened
INFO:root:2021-02-06 19:17:09
INFO:root:.!frame.!code window oppened
INFO:root:2021-02-06 19:17:10
INFO:root:.!frame.!xor window oppened
INFO:root:2021-02-06 19:17:17
INFO:root:all data:
INFO:root:['2021-02-06 19:17', 'XOR', 'hello', '%0))&']
INFO:root:2021-02-06 19:17:17
INFO:root:.!frame.!startpage window oppened
INFO:root:2021-02-06 19:17:18
INFO:root:.!frame.!code window oppened
INFO:root:2021-02-06 19:17:19
INFO:root:.!frame.!cesar window oppened
INFO:root:2021-02-06 19:17:24
INFO:root:all data:
INFO:root:['2021-02-06 19:17', 'Cesar', 'hello', 'ifmmp']
INFO:root:2021-02-06 19:17:25
INFO:root:.!frame.!startpage window oppened
INFO:root:2021-02-06 19:17:26
INFO:root:.!frame.!code window oppened
INFO:root:2021-02-06 19:17:27
INFO:root:.!frame.!otp window oppened
INFO:root:2021-02-06 19:17:31
INFO:root:all data:
INFO:root:['2021-02-06 19:17', 'One-time-Pad', 'hello', 'srrvK']
INFO:root:2021-02-06 19:17:33
INFO:root:.!frame.!startpage window oppened
INFO:root:2021-02-06 19:17:36
INFO:root:Quit button pressed
INFO:root:2021-02-06 19:17:39
INFO:root:Programm is running
INFO:root:2021-02-06 19:17:39
INFO:root:.!frame.!startpage window oppened
INFO:root:2021-02-06 19:17:41
INFO:root:.!frame.!historypage window oppened
INFO:root:2021-02-06 19:21:19
INFO:root:Quit button pressed
INFO:root:2021-02-06 19:21:44
INFO:root:Programm is running
INFO:root:2021-02-06 19:21:44
INFO:root:.!frame.!startpage window oppened
INFO:root:2021-02-06 19:21:46
INFO:root:.!frame.!historypage window oppened
INFO:root:2021-02-06 19:23:09
INFO:root:.!frame.!code window oppened
INFO:root:2021-02-06 19:23:27
INFO:root:.!frame.!code window oppened
INFO:root:2021-02-06 19:23:35
INFO:root:.!frame.!code window oppened
INFO:root:2021-02-06 19:23:41
INFO:root:.!frame.!code window oppened
INFO:root:2021-02-06 19:23:47
INFO:root:.!frame.!startpage window oppened
INFO:root:2021-02-06 19:23:53
INFO:root:Quit button pressed
INFO:root:2021-02-06 19:27:51
INFO:root:Programm is running
INFO:root:2021-02-06 19:27:51
INFO:root:.!frame.!startpage window oppened
INFO:root:2021-02-06 19:28:41
INFO:root:Programm is running
INFO:root:2021-02-06 19:28:42
INFO:root:.!frame.!startpage window oppened
INFO:root:2021-02-06 19:28:54
INFO:root:Quit button pressed
INFO:root:2021-02-06 19:30:30
INFO:root:Programm is running
INFO:root:2021-02-06 19:30:31
INFO:root:.!frame.!startpage window oppened
INFO:root:2021-02-06 19:30:33
INFO:root:Logs opened
INFO:root:2021-02-06 19:30:42
INFO:root:Close all button pressed
INFO:root:2021-02-06 19:31:56
INFO:root:Programm is running
INFO:root:2021-02-06 19:31:56
INFO:root:.!frame.!startpage window oppened
INFO:root:2021-02-06 19:31:58
INFO:root:Logs opened
INFO:root:2021-02-06 19:31:58
INFO:root:Quit button pressed
INFO:root:2021-02-06 19:44:34
INFO:root:Programm is running
INFO:root:2021-02-06 19:44:35
INFO:root:.!frame.!startpage window oppened
INFO:root:2021-02-06 19:44:36
INFO:root:.!frame.!historypage window oppened
INFO:root:2021-02-06 19:44:51
INFO:root:.!frame.!code window oppened
INFO:root:2021-02-06 19:44:58
INFO:root:.!frame.!startpage window oppened
INFO:root:2021-02-06 19:45:12
INFO:root:Quit button pressed
INFO:root:2021-02-06 20:21:05
INFO:root:Programm is running
INFO:root:2021-02-06 20:21:06
INFO:root:.!frame.!startpage window oppened
INFO:root:2021-02-06 20:21:09
INFO:root:.!frame.!historypage window oppened
INFO:root:2021-02-06 20:21:19
INFO:root:History refreshed
INFO:root:2021-02-06 20:21:21
INFO:root:.!frame.!startpage window oppened
INFO:root:2021-02-06 20:21:24
INFO:root:Quit button pressed
INFO:root:2021-02-06 20:25:06
INFO:root:Programm is running
INFO:root:2021-02-06 20:25:06
INFO:root:.!frame.!startpage window oppened
INFO:root:2021-02-06 20:25:10
INFO:root:.!frame.!code window oppened
INFO:root:2021-02-06 20:25:13
INFO:root:.!frame.!startpage window oppened
INFO:root:2021-02-06 20:25:17
INFO:root:.!frame.!historypage window oppened
INFO:root:2021-02-06 20:25:37
INFO:root:.!frame.!startpage window oppened
INFO:root:2021-02-06 20:25:41
INFO:root:.!frame.!authorspage window oppened
INFO:root:2021-02-06 20:25:44
INFO:root:.!frame.!startpage window oppened
INFO:root:2021-02-06 20:25:46
INFO:root:.!frame.!infopage window oppened
INFO:root:2021-02-06 20:25:49
INFO:root:.!frame.!startpage window oppened
INFO:root:2021-02-06 20:25:59
INFO:root:.!frame.!secretpage window oppened
INFO:root:2021-02-06 20:26:03
INFO:root:.!frame.!startpage window oppened
INFO:root:2021-02-06 20:26:05
INFO:root:Quit button pressed
INFO:root:2021-02-07 01:46:08
INFO:root:Programm is running
INFO:root:2021-02-07 01:46:09
INFO:root:.!frame.!startpage window oppened
INFO:root:2021-02-07 01:47:39
INFO:root:.!frame.!historypage window oppened
INFO:root:2021-02-07 01:48:09
INFO:root:History refreshed
INFO:root:2021-02-07 01:48:11
INFO:root:.!frame.!startpage window oppened
INFO:root:2021-02-07 01:48:16
INFO:root:.!frame.!infopage window oppened
INFO:root:2021-02-07 01:49:26
INFO:root:.!frame.!startpage window oppened
INFO:root:2021-02-07 01:49:29
INFO:root:.!frame.!authorspage window oppened
INFO:root:2021-02-07 01:49:35
INFO:root:.!frame.!startpage window oppened
INFO:root:2021-02-07 01:49:38
INFO:root:.!frame.!historypage window oppened
INFO:root:2021-02-07 01:49:54
INFO:root:Quit button pressed
INFO:root:2021-02-07 09:50:02
INFO:root:Programm is running
INFO:root:2021-02-07 09:50:03
INFO:root:.!frame.!startpage window oppened
INFO:root:2021-02-07 09:53:29
INFO:root:.!frame.!code window oppened
INFO:root:2021-02-07 09:53:30
INFO:root:.!frame.!xor window oppened
INFO:root:2021-02-07 09:53:52
INFO:root:all data:
INFO:root:['2021-02-07 09:53', 'XOR', 'hey! my name is matvey', '1\x1a ^_, _+\x1e,\x1a_0&_,\x1e%#\x1a ']
INFO:root:2021-02-07 09:54:09
INFO:root:all data:
INFO:root:['2021-02-07 09:54', 'XOR', 'hey! my name is matvey', "\x1e+/ML#/L '#+L\x1f\x1bL#' \x1e+/"]
INFO:root:2021-02-07 09:54:12
INFO:root:all data:
INFO:root:['2021-02-07 09:54', 'XOR', 'hey! my name is matvey', 'GJV()BV)ENBJ)F`)BN[]JV']
INFO:root:2021-02-07 09:54:16
INFO:root:.!frame.!startpage window oppened
INFO:root:2021-02-07 09:54:18
INFO:root:.!frame.!historypage window oppened
INFO:root:2021-02-07 09:54:21
INFO:root:Quit button pressed
INFO:root:2021-02-07 09:54:26
INFO:root:Programm is running
INFO:root:2021-02-07 09:54:27
INFO:root:.!frame.!startpage window oppened
INFO:root:2021-02-07 09:54:29
INFO:root:.!frame.!historypage window oppened
INFO:root:2021-02-07 09:54:44
INFO:root:Quit button pressed
INFO:root:2021-02-07 10:12:32
INFO:root:Programm is running
INFO:root:2021-02-07 10:12:34
INFO:root:.!frame.!startpage window oppened
INFO:root:2021-02-07 10:12:44
INFO:root:.!frame.!code window oppened
INFO:root:2021-02-07 10:12:51
INFO:root:.!frame.!xor window oppened
INFO:root:2021-02-07 10:13:01
INFO:root:all data:
INFO:root:['2021-02-07 10:13', 'XOR', 'hello', '\x1e#\x1a\x1a\x1d']
INFO:root:2021-02-07 10:13:09
INFO:root:.!frame.!startpage window oppened
INFO:root:2021-02-07 10:13:12
INFO:root:.!frame.!historypage window oppened
INFO:root:2021-02-07 10:13:15
INFO:root:Quit button pressed
INFO:root:2021-02-07 10:13:19
INFO:root:Programm is running
INFO:root:2021-02-07 10:13:20
INFO:root:.!frame.!startpage window oppened
INFO:root:2021-02-07 10:13:23
INFO:root:.!frame.!historypage window oppened
INFO:root:2021-02-07 10:13:33
INFO:root:Quit button pressed
INFO:root:2021-02-07 10:49:12
INFO:root:Programm is running
INFO:root:2021-02-07 10:49:14
INFO:root:.!frame.!startpage window oppened
INFO:root:2021-02-07 10:49:15
INFO:root:.!frame.!historypage window oppened
INFO:root:2021-02-07 10:49:18
INFO:root:History refreshed
INFO:root:2021-02-07 10:49:19
INFO:root:Quit button pressed
INFO:root:2021-02-07 10:49:22
INFO:root:Programm is running
INFO:root:2021-02-07 10:49:23
INFO:root:.!frame.!startpage window oppened
INFO:root:2021-02-07 10:49:24
INFO:root:.!frame.!historypage window oppened
INFO:root:2021-02-07 10:49:55
INFO:root:Quit button pressed
INFO:root:2021-02-11 06:25:11
INFO:root:Programm is running
INFO:root:2021-02-11 06:25:13
INFO:root:.!frame.!startpage window oppened
INFO:root:2021-02-11 06:25:16
INFO:root:.!frame.!historypage window oppened
INFO:root:2021-02-11 06:25:30
INFO:root:.!frame.!startpage window oppened
INFO:root:2021-02-11 06:25:31
INFO:root:.!frame.!historypage window oppened
INFO:root:2021-02-11 06:25:36
INFO:root:.!frame.!startpage window oppened
INFO:root:2021-02-11 06:25:38
INFO:root:.!frame.!historypage window oppened
INFO:root:2021-02-11 06:25:47
INFO:root:Quit button pressed
INFO:root:2021-02-11 06:26:05
INFO:root:Programm is running
INFO:root:2021-02-11 06:26:06
INFO:root:.!frame.!startpage window oppened
INFO:root:2021-02-11 06:26:08
INFO:root:.!frame.!historypage window oppened
INFO:root:2021-02-11 06:26:19
INFO:root:Quit button pressed
INFO:root:2021-02-11 06:26:39
INFO:root:Programm is running
INFO:root:2021-02-11 06:26:39
INFO:root:.!frame.!startpage window oppened
INFO:root:2021-02-11 06:26:41
INFO:root:.!frame.!historypage window oppened
INFO:root:2021-02-11 06:26:51
INFO:root:Quit button pressed
INFO:root:2021-02-11 06:27:01
INFO:root:Programm is running
INFO:root:2021-02-11 06:27:02
INFO:root:.!frame.!startpage window oppened
INFO:root:2021-02-11 06:27:03
INFO:root:.!frame.!historypage window oppened
INFO:root:2021-02-11 06:27:29
INFO:root:.!frame.!startpage window oppened
INFO:root:2021-02-11 06:27:36
INFO:root:Quit button pressed
INFO:root:2021-02-11 06:27:50
INFO:root:Programm is running
INFO:root:2021-02-11 06:27:51
INFO:root:.!frame.!startpage window oppened
INFO:root:2021-02-11 06:27:59
INFO:root:Quit button pressed
INFO:root:2021-02-11 06:28:02
INFO:root:Programm is running
INFO:root:2021-02-11 06:28:03
INFO:root:.!frame.!startpage window oppened
INFO:root:2021-02-11 06:28:04
INFO:root:.!frame.!historypage window oppened
INFO:root:2021-02-11 06:28:15
INFO:root:Quit button pressed
INFO:root:2021-02-11 19:54:34
INFO:root:Programm is running
INFO:root:2021-02-11 19:54:34
INFO:root:.!frame.!startpage window oppened
INFO:root:2021-02-11 19:54:39
INFO:root:.!frame.!historypage window oppened
INFO:root:2021-02-11 19:54:42
INFO:root:Clear history button pressed
INFO:root:2021-02-11 19:54:43
INFO:root:Quit button pressed
INFO:root:2021-02-11 19:54:48
INFO:root:Programm is running
INFO:root:2021-02-11 19:54:49
INFO:root:.!frame.!startpage window oppened
INFO:root:2021-02-11 19:54:50
INFO:root:.!frame.!historypage window oppened
INFO:root:2021-02-11 19:54:55
INFO:root:Quit button pressed
INFO:root:2021-02-11 20:03:24
INFO:root:Programm is running
INFO:root:2021-02-11 20:03:25
INFO:root:.!frame.!startpage window oppened
INFO:root:2021-02-11 20:03:27
INFO:root:.!frame.!code window oppened
INFO:root:2021-02-11 20:03:28
INFO:root:.!frame.!startpage window oppened
INFO:root:2021-02-11 20:03:30
INFO:root:Quit button pressed
INFO:root:2021-02-11 20:23:07
INFO:root:Programm is running
INFO:root:2021-02-11 20:23:08
INFO:root:.!frame.!startpage window oppened
INFO:root:2021-02-11 20:23:13
INFO:root:.!frame.!historypage window oppened
INFO:root:2021-02-11 20:23:16
INFO:root:.!frame.!startpage window oppened
INFO:root:2021-02-11 20:23:22
INFO:root:.!frame.!infopage window oppened
INFO:root:2021-02-11 20:23:25
INFO:root:Way to browser
INFO:root:2021-02-11 20:23:58
INFO:root:Quit button pressed
INFO:root:2021-02-14 15:10:14
INFO:root:Programm is running
INFO:root:2021-02-14 15:10:16
INFO:root:.!frame.!startpage window oppened
INFO:root:2021-02-14 15:10:20
INFO:root:.!frame.!code window oppened
INFO:root:2021-02-14 15:10:22
INFO:root:.!frame.!startpage window oppened
INFO:root:2021-02-14 15:10:23
INFO:root:.!frame.!historypage window oppened
INFO:root:2021-02-14 15:10:26
INFO:root:Clear history button pressed
INFO:root:2021-02-14 15:10:27
INFO:root:.!frame.!startpage window oppened
INFO:root:2021-02-14 15:10:29
INFO:root:.!frame.!authorspage window oppened
INFO:root:2021-02-14 15:10:31
INFO:root:.!frame.!startpage window oppened
INFO:root:2021-02-14 15:10:34
INFO:root:.!frame.!secretpage window oppened
INFO:root:2021-02-14 15:10:37
INFO:root:.!frame.!startpage window oppened
INFO:root:2021-02-14 15:10:39
INFO:root:Quit button pressed
INFO:root:2021-02-14 19:31:02
INFO:root:Programm is running
INFO:root:2021-02-14 19:31:03
INFO:root:.!frame.!startpage window oppened
INFO:root:2021-02-14 19:31:04
INFO:root:.!frame.!code window oppened
INFO:root:2021-02-14 19:31:05
INFO:root:.!frame.!otp window oppened
INFO:root:2021-02-14 19:31:14
INFO:root:.!frame.!startpage window oppened
INFO:root:2021-02-14 19:31:15
INFO:root:.!frame.!historypage window oppened
INFO:root:2021-02-14 19:31:16
INFO:root:Quit button pressed
INFO:root:2021-02-14 19:34:45
INFO:root:Programm is running
INFO:root:2021-02-14 19:34:46
INFO:root:.!frame.!startpage window oppened
INFO:root:2021-02-14 19:34:47
INFO:root:.!frame.!code window oppened
INFO:root:2021-02-14 19:34:48
INFO:root:.!frame.!otp window oppened
INFO:root:2021-02-14 19:34:52
INFO:root:all data:
INFO:root:['2021-02-14 19:34', 'One-time-Pad', 'lol', 'iGB']
INFO:root:2021-02-14 19:35:33
INFO:root:.!frame.!code window oppened
INFO:root:2021-02-14 19:35:36
INFO:root:Quit button pressed
INFO:root:2021-02-14 19:35:41
INFO:root:Programm is running
INFO:root:2021-02-14 19:35:42
INFO:root:.!frame.!startpage window oppened
INFO:root:2021-02-14 19:35:43
INFO:root:.!frame.!code window oppened
INFO:root:2021-02-14 19:35:43
INFO:root:.!frame.!otp window oppened
INFO:root:2021-02-14 19:35:46
INFO:root:all data:
INFO:root:['2021-02-14 19:35', 'One-time-Pad', 'lol', 'yBy']
INFO:root:2021-02-14 19:35:51
INFO:root:all data:
INFO:root:['2021-02-14 19:35', 'One-time-Pad', 'lol', 'DuF']
INFO:root:2021-02-14 19:36:03
INFO:root:Quit button pressed
INFO:root:2021-02-14 19:55:05
INFO:root:Programm is running
INFO:root:2021-02-14 19:55:05
INFO:root:.!frame.!startpage window oppened
INFO:root:2021-02-14 19:55:09
INFO:root:.!frame.!historypage window oppened
INFO:root:2021-02-14 19:55:18
INFO:root:Quit button pressed
INFO:root:2021-02-15 16:51:38
INFO:root:Programm is running
INFO:root:2021-02-15 16:51:40
INFO:root:.!frame.!startpage window oppened
INFO:root:2021-02-15 16:51:44
INFO:root:Quit button pressed
INFO:root:2021-02-15 16:58:52
INFO:root:Programm is running
INFO:root:2021-02-15 16:58:52
INFO:root:.!frame.!startpage window oppened
INFO:root:2021-02-15 16:58:54
INFO:root:Quit button pressed
INFO:root:2021-02-15 17:04:53
INFO:root:Programm is running
INFO:root:2021-02-15 17:04:54
INFO:root:.!frame.!startpage window oppened
INFO:root:2021-02-15 17:04:56
INFO:root:Quit button pressed
INFO:root:2021-02-15 17:06:08
INFO:root:Programm is running
INFO:root:2021-02-15 17:06:09
INFO:root:.!frame.!startpage window oppened
INFO:root:2021-02-15 17:06:21
INFO:root:.!frame.!historypage window oppened
INFO:root:2021-02-15 17:06:25
INFO:root:.!frame.!startpage window oppened
INFO:root:2021-02-15 17:06:31
INFO:root:Quit button pressed
INFO:root:2021-02-15 17:07:15
INFO:root:Programm is running
INFO:root:2021-02-15 17:07:15
INFO:root:.!frame.!startpage window oppened
INFO:root:2021-02-15 17:07:17
INFO:root:.!frame.!settings window oppened
INFO:root:2021-02-15 17:07:21
INFO:root:Quit button pressed
INFO:root:2021-02-15 17:11:21
INFO:root:Programm is running
INFO:root:2021-02-15 17:11:22
INFO:root:.!frame.!startpage window oppened
INFO:root:2021-02-15 17:11:26
INFO:root:.!frame.!settings window oppened
INFO:root:2021-02-15 17:11:30
INFO:root:Quit button pressed
INFO:root:2021-02-15 19:58:53
INFO:root:Programm is running
INFO:root:2021-02-15 19:58:55
INFO:root:.!frame.!startpage window oppened
INFO:root:2021-02-15 19:59:04
INFO:root:.!frame.!settings window oppened
INFO:root:2021-02-15 19:59:11
INFO:root:.!frame.!startpage window oppened
INFO:root:2021-02-15 19:59:13
INFO:root:.!frame.!infopage window oppened
INFO:root:2021-02-15 19:59:52
INFO:root:.!frame.!startpage window oppened
INFO:root:2021-02-15 19:59:54
INFO:root:.!frame.!historypage window oppened
INFO:root:2021-02-15 20:00:01
INFO:root:History refreshed
INFO:root:2021-02-15 20:00:03
INFO:root:History refreshed
INFO:root:2021-02-15 20:00:05
INFO:root:.!frame.!startpage window oppened
INFO:root:2021-02-15 20:00:17
INFO:root:Quit button pressed
INFO:root:2021-02-16 20:56:36
INFO:root:Programm is running
INFO:root:2021-02-16 20:56:38
INFO:root:.!frame.!startpage window oppened
INFO:root:2021-02-16 20:56:43
INFO:root:.!frame.!historypage window oppened
INFO:root:2021-02-16 20:56:46
INFO:root:.!frame.!startpage window oppened
INFO:root:2021-02-16 20:56:47
INFO:root:.!frame.!code window oppened
INFO:root:2021-02-16 20:56:48
INFO:root:.!frame.!cesar window oppened
INFO:root:2021-02-16 20:57:09
INFO:root:Quit button pressed
INFO:root:2021-02-16 20:58:06
INFO:root:Programm is running
INFO:root:2021-02-16 20:58:06
INFO:root:.!frame.!startpage window oppened
INFO:root:2021-02-16 20:58:10
INFO:root:.!frame.!code window oppened
INFO:root:2021-02-16 20:58:13
INFO:root:.!frame.!otp window oppened
INFO:root:2021-02-16 20:58:26
INFO:root:.!frame.!startpage window oppened
INFO:root:2021-02-16 20:58:30
INFO:root:Quit button pressed
INFO:root:2021-02-16 21:10:06
INFO:root:Programm is running
INFO:root:2021-02-16 21:10:07
INFO:root:.!frame.!startpage window oppened
INFO:root:2021-02-16 21:10:25
INFO:root:Close all button pressed
INFO:root:2021-02-16 21:10:42
INFO:root:Close all button pressed
INFO:root:2021-02-16 21:11:27
INFO:root:.!frame.!code window oppened
INFO:root:2021-02-16 21:11:35
INFO:root:.!frame.!code window oppened
INFO:root:2021-02-16 21:11:40
INFO:root:.!frame.!startpage window oppened
INFO:root:2021-02-16 21:11:49
INFO:root:Quit button pressed
INFO:root:2021-02-19 05:38:33
INFO:root:Programm is running
INFO:root:2021-02-19 05:38:35
INFO:root:.!frame.!startpage window oppened
INFO:root:2021-02-19 05:38:45
INFO:root:.!frame.!historypage window oppened
INFO:root:2021-02-19 05:38:48
INFO:root:.!frame.!startpage window oppened
INFO:root:2021-02-19 05:39:02
INFO:root:.!frame.!authorspage window oppened
INFO:root:2021-02-19 05:39:12
INFO:root:Quit button pressed
INFO:root:2021-02-19 05:40:47
INFO:root:Programm is running
INFO:root:2021-02-19 05:40:47
INFO:root:.!frame.!startpage window oppened
INFO:root:2021-02-19 05:40:49
INFO:root:.!frame.!authorspage window oppened
INFO:root:2021-02-19 05:40:59
INFO:root:Quit button pressed
INFO:root:2021-02-19 06:44:46
INFO:root:Programm is running
INFO:root:2021-02-19 06:44:48
INFO:root:.!frame.!startpage window oppened
INFO:root:2021-02-19 06:44:51
INFO:root:.!frame.!historypage window oppened
INFO:root:2021-02-19 06:44:55
INFO:root:History refreshed
INFO:root:2021-02-19 06:45:22
INFO:root:.!frame.!code window oppened
INFO:root:2021-02-19 06:45:25
INFO:root:Programm is running
INFO:root:2021-02-19 06:45:26
INFO:root:.!frame.!startpage window oppened
INFO:root:2021-02-19 06:45:26
INFO:root:Quit button pressed
INFO:root:2021-02-19 06:45:32
INFO:root:Quit button pressed
INFO:root:2021-02-19 06:45:36
INFO:root:Programm is running
INFO:root:2021-02-19 06:45:36
INFO:root:.!frame.!startpage window oppened
INFO:root:2021-02-19 06:45:39
INFO:root:.!frame.!historypage window oppened
INFO:root:2021-02-19 06:45:40
INFO:root:History refreshed
INFO:root:2021-02-19 06:46:53
INFO:root:.!frame.!code window oppened
INFO:root:2021-02-19 06:47:16
INFO:root:.!frame.!code window oppened
INFO:root:2021-02-19 06:47:41
INFO:root:.!frame.!code window oppened
INFO:root:2021-02-19 06:48:00
INFO:root:.!frame.!code window oppened
INFO:root:2021-02-19 06:50:25
INFO:root:Quit button pressed
INFO:root:2021-02-19 06:58:06
INFO:root:Programm is running
INFO:root:2021-02-19 06:58:07
INFO:root:.!frame.!startpage window oppened
INFO:root:2021-02-19 06:58:23
INFO:root:.!frame.!settings window oppened
INFO:root:2021-02-19 06:58:26
INFO:root:.!frame.!startpage window oppened
INFO:root:2021-02-19 06:58:28
INFO:root:.!frame.!historypage window oppened
INFO:root:2021-02-19 06:58:30
INFO:root:History refreshed
INFO:root:2021-02-19 06:58:32
INFO:root:History refreshed
INFO:root:2021-02-19 06:58:45
INFO:root:Quit button pressed
INFO:root:2021-02-19 07:02:43
INFO:root:Programm is running
INFO:root:2021-02-19 07:02:43
INFO:root:.!frame.!startpage window oppened
INFO:root:2021-02-19 07:02:45
INFO:root:.!frame.!historypage window oppened
INFO:root:2021-02-19 07:02:46
INFO:root:History refreshed
INFO:root:2021-02-19 07:02:49
INFO:root:History refreshed
INFO:root:2021-02-19 07:02:50
INFO:root:Quit button pressed
INFO:root:2021-02-19 07:02:53
INFO:root:Programm is running
INFO:root:2021-02-19 07:02:54
INFO:root:.!frame.!startpage window oppened
INFO:root:2021-02-19 07:02:56
INFO:root:.!frame.!historypage window oppened
INFO:root:2021-02-19 07:02:59
INFO:root:.!frame.!startpage window oppened
INFO:root:2021-02-19 07:02:59
INFO:root:.!frame.!code window oppened
INFO:root:2021-02-19 07:03:01
INFO:root:.!frame.!cesar window oppened
INFO:root:2021-02-19 07:03:11
INFO:root:Quit button pressed
INFO:root:2021-02-19 07:03:34
INFO:root:Programm is running
INFO:root:2021-02-19 07:03:34
INFO:root:.!frame.!startpage window oppened
INFO:root:2021-02-19 07:03:36
INFO:root:.!frame.!authorspage window oppened
INFO:root:2021-02-19 07:03:37
INFO:root:.!frame.!startpage window oppened
INFO:root:2021-02-19 07:03:39
INFO:root:.!frame.!historypage window oppened
INFO:root:2021-02-19 07:03:43
INFO:root:.!frame.!startpage window oppened
INFO:root:2021-02-19 07:03:44
INFO:root:.!frame.!code window oppened
INFO:root:2021-02-19 07:03:46
INFO:root:.!frame.!otp window oppened
INFO:root:2021-02-19 07:03:50
INFO:root:all data:
INFO:root:['2021-02-19 07:03', 'One-time-Pad', 'hello', 'BivAE']
INFO:root:2021-02-19 07:04:05
INFO:root:.!frame.!startpage window oppened
INFO:root:2021-02-19 07:04:07
INFO:root:.!frame.!historypage window oppened
INFO:root:2021-02-19 07:04:08
INFO:root:History refreshed
INFO:root:2021-02-19 07:04:17
INFO:root:History refreshed
INFO:root:2021-02-19 07:04:18
INFO:root:Quit button pressed
INFO:root:2021-02-19 07:04:34
INFO:root:Programm is running
INFO:root:2021-02-19 07:04:35
INFO:root:.!frame.!startpage window oppened
INFO:root:2021-02-19 07:04:37
INFO:root:.!frame.!historypage window oppened
INFO:root:2021-02-19 07:04:38
INFO:root:Clear history button pressed
INFO:root:2021-02-19 07:04:39
INFO:root:History refreshed
INFO:root:2021-02-19 07:04:41
INFO:root:Quit button pressed
INFO:root:2021-02-21 12:03:25
INFO:root:Programm is running
INFO:root:2021-02-21 12:03:50
INFO:root:Programm is running
INFO:root:2021-02-21 12:03:52
INFO:root:History refreshed
INFO:root:2021-02-21 12:03:52
INFO:root:.!frame.!startpage window oppened
INFO:root:2021-02-21 12:03:55
INFO:root:.!frame.!historypage window oppened
INFO:root:2021-02-21 12:05:08
INFO:root:.!frame.!code window oppened
INFO:root:2021-02-21 12:05:38
INFO:root:.!frame.!code window oppened
INFO:root:2021-02-21 12:06:39
INFO:root:.!frame.!code window oppened
INFO:root:2021-02-21 12:06:44
INFO:root:.!frame.!code window oppened
INFO:root:2021-02-21 12:06:47
INFO:root:Programm is running
INFO:root:2021-02-21 12:06:48
INFO:root:History refreshed
INFO:root:2021-02-21 12:06:48
INFO:root:.!frame.!startpage window oppened
INFO:root:2021-02-21 12:06:48
INFO:root:Quit button pressed
INFO:root:2021-02-21 12:06:51
INFO:root:.!frame.!historypage window oppened
INFO:root:2021-02-21 12:07:00
INFO:root:Quit button pressed
INFO:root:2021-02-21 12:07:16
INFO:root:Programm is running
INFO:root:2021-02-21 12:07:16
INFO:root:History refreshed
INFO:root:2021-02-21 12:07:16
INFO:root:.!frame.!startpage window oppened
INFO:root:2021-02-21 12:07:18
INFO:root:.!frame.!historypage window oppened
INFO:root:2021-02-21 12:07:22
INFO:root:Quit button pressed
INFO:root:2021-02-21 12:07:29
INFO:root:Programm is running
INFO:root:2021-02-21 12:07:30
INFO:root:History refreshed
INFO:root:2021-02-21 12:07:30
INFO:root:.!frame.!startpage window oppened
INFO:root:2021-02-21 12:07:31
INFO:root:.!frame.!historypage window oppened
INFO:root:2021-02-21 12:07:34
INFO:root:Quit button pressed
INFO:root:2021-02-21 12:07:47
INFO:root:Programm is running
INFO:root:2021-02-21 12:07:48
INFO:root:History refreshed
INFO:root:2021-02-21 12:07:48
INFO:root:.!frame.!startpage window oppened
INFO:root:2021-02-21 12:07:49
INFO:root:.!frame.!historypage window oppened
INFO:root:2021-02-21 12:07:52
INFO:root:Quit button pressed
INFO:root:2021-02-21 12:08:07
INFO:root:Programm is running
INFO:root:2021-02-21 12:08:08
INFO:root:History refreshed
INFO:root:2021-02-21 12:08:08
INFO:root:.!frame.!startpage window oppened
INFO:root:2021-02-21 12:08:09
INFO:root:.!frame.!historypage window oppened
INFO:root:2021-02-21 12:08:13
INFO:root:Quit button pressed
INFO:root:2021-02-21 12:08:22
INFO:root:Programm is running
INFO:root:2021-02-21 12:08:23
INFO:root:History refreshed
INFO:root:2021-02-21 12:08:23
INFO:root:.!frame.!startpage window oppened
INFO:root:2021-02-21 12:08:24
INFO:root:.!frame.!historypage window oppened
INFO:root:2021-02-21 12:08:28
INFO:root:Quit button pressed
INFO:root:2021-02-21 12:09:07
INFO:root:Programm is running
INFO:root:2021-02-21 12:09:08
INFO:root:History refreshed
INFO:root:2021-02-21 12:09:08
INFO:root:.!frame.!startpage window oppened
INFO:root:2021-02-21 12:09:09
INFO:root:Quit button pressed
INFO:root:2021-02-21 12:10:40
INFO:root:Programm is running
INFO:root:2021-02-21 12:10:40
INFO:root:History refreshed
INFO:root:2021-02-21 12:10:40
INFO:root:.!frame.!startpage window oppened
INFO:root:2021-02-21 12:10:42
INFO:root:.!frame.!historypage window oppened
INFO:root:2021-02-21 12:11:22
INFO:root:.!frame.!code window oppened
INFO:root:2021-02-21 12:11:25
INFO:root:Quit button pressed
INFO:root:2021-02-21 12:11:29
INFO:root:Programm is running
INFO:root:2021-02-21 12:11:30
INFO:root:History refreshed
INFO:root:2021-02-21 12:11:30
INFO:root:.!frame.!startpage window oppened
INFO:root:2021-02-21 12:11:32
INFO:root:.!frame.!historypage window oppened
INFO:root:2021-02-21 12:11:55
INFO:root:.!frame.!code window oppened
INFO:root:2021-02-21 12:11:57
INFO:root:Quit button pressed
INFO:root:2021-02-21 12:12:01
INFO:root:Programm is running
INFO:root:2021-02-21 12:12:01
INFO:root:History refreshed
INFO:root:2021-02-21 12:12:01
INFO:root:.!frame.!startpage window oppened
INFO:root:2021-02-21 12:12:08
INFO:root:.!frame.!historypage window oppened
INFO:root:2021-02-21 12:12:10
INFO:root:Quit button pressed
INFO:root:2021-02-21 12:13:29
INFO:root:Programm is running
INFO:root:2021-02-21 12:13:30
INFO:root:History refreshed
INFO:root:2021-02-21 12:13:30
INFO:root:.!frame.!startpage window oppened
INFO:root:2021-02-21 12:13:47
INFO:root:.!frame.!historypage window oppened
INFO:root:2021-02-21 12:15:03
INFO:root:Quit button pressed
INFO:root:2021-02-21 12:15:52
INFO:root:Programm is running
INFO:root:2021-02-21 12:15:52
INFO:root:History refreshed
INFO:root:2021-02-21 12:28:07
INFO:root:Programm is running
INFO:root:2021-02-21 12:28:08
INFO:root:History refreshed
INFO:root:2021-02-21 12:29:13
INFO:root:Programm is running
INFO:root:2021-02-21 12:29:14
INFO:root:History refreshed
INFO:root:2021-02-21 12:30:10
INFO:root:Programm is running
INFO:root:2021-02-21 12:30:10
INFO:root:History refreshed
INFO:root:2021-02-21 12:30:50
INFO:root:Programm is running
INFO:root:2021-02-21 12:30:50
INFO:root:History refreshed
INFO:root:2021-02-21 12:30:50
INFO:root:.!frame.!startpage window oppened
INFO:root:2021-02-21 12:30:57
INFO:root:.!frame.!historypage window oppened
INFO:root:2021-02-21 12:37:47
INFO:root:.!frame.!code window oppened
INFO:root:2021-02-21 12:38:12
INFO:root:.!frame.!code window oppened
INFO:root:2021-02-21 12:38:48
INFO:root:.!frame.!code window oppened
INFO:root:2021-02-21 12:43:14
INFO:root:.!frame.!code window oppened
INFO:root:2021-02-21 12:43:30
INFO:root:.!frame.!code window oppened
INFO:root:2021-02-21 12:43:46
INFO:root:.!frame.!code window oppened
INFO:root:2021-02-21 12:43:55
INFO:root:.!frame.!code window oppened
INFO:root:2021-02-21 12:43:57
INFO:root:Programm is running
INFO:root:2021-02-21 12:43:58
INFO:root:History refreshed
INFO:root:2021-02-21 13:02:58
INFO:root:Programm is running
INFO:root:2021-02-21 13:03:08
INFO:root:Programm is running
INFO:root:2021-02-21 13:03:08
INFO:root:History refreshed
INFO:root:2021-02-21 13:56:53
INFO:root:Programm is running
INFO:root:2021-02-21 13:56:54
INFO:root:History refreshed
INFO:root:2021-02-21 13:56:54
INFO:root:.!frame.!startpage window oppened
INFO:root:2021-02-21 13:56:56
INFO:root:.!frame.!historypage window oppened
INFO:root:2021-02-21 13:57:00
INFO:root:History refreshed
INFO:root:2021-02-21 13:57:06
INFO:root:Clear history button pressed
INFO:root:2021-02-21 13:57:06
INFO:root:History refreshed
INFO:root:2021-02-21 13:57:11
INFO:root:History refreshed
INFO:root:2021-02-21 13:57:18
INFO:root:Quit button pressed
INFO:root:2021-02-21 13:57:54
INFO:root:Programm is running
INFO:root:2021-02-21 13:57:55
INFO:root:History refreshed
INFO:root:2021-02-21 13:57:55
INFO:root:.!frame.!startpage window oppened
INFO:root:2021-02-21 13:57:56
INFO:root:.!frame.!historypage window oppened
INFO:root:2021-02-21 13:57:59
INFO:root:History refreshed
INFO:root:2021-02-21 13:58:00
INFO:root:History refreshed
INFO:root:2021-02-21 13:58:01
INFO:root:Quit button pressed
INFO:root:2021-02-21 13:58:39
INFO:root:Programm is running
INFO:root:2021-02-21 13:58:39
INFO:root:History refreshed
INFO:root:2021-02-21 13:58:39
INFO:root:.!frame.!startpage window oppened
INFO:root:2021-02-21 13:58:41
INFO:root:.!frame.!historypage window oppened
INFO:root:2021-02-21 13:58:42
INFO:root:History refreshed
INFO:root:2021-02-21 13:58:43
INFO:root:History refreshed
INFO:root:2021-02-21 13:58:45
INFO:root:Quit button pressed
INFO:root:2021-02-21 14:08:23
INFO:root:Programm is running
INFO:root:2021-02-21 14:08:23
INFO:root:History refreshed
INFO:root:2021-02-21 14:08:36
INFO:root:Programm is running
INFO:root:2021-02-21 14:08:37
INFO:root:History refreshed
INFO:root:2021-02-21 14:08:37
INFO:root:.!frame.!startpage window oppened
INFO:root:2021-02-21 14:08:40
INFO:root:.!frame.!historypage window oppened
INFO:root:2021-02-21 14:08:41
INFO:root:History refreshed
INFO:root:2021-02-21 14:08:43
INFO:root:History refreshed
INFO:root:2021-02-21 14:08:44
INFO:root:History refreshed
INFO:root:2021-02-21 14:08:46
INFO:root:Clear history button pressed
INFO:root:2021-02-21 14:08:46
INFO:root:History refreshed
INFO:root:2021-02-21 14:09:36
INFO:root:.!frame.!code window oppened
INFO:root:2021-02-21 14:09:56
INFO:root:.!frame.!code window oppened
INFO:root:2021-02-21 14:10:00
INFO:root:Quit button pressed
INFO:root:2021-02-21 14:10:08
INFO:root:Programm is running
INFO:root:2021-02-21 14:10:09
INFO:root:History refreshed
INFO:root:2021-02-21 14:10:09
INFO:root:.!frame.!startpage window oppened
INFO:root:2021-02-21 14:10:11
INFO:root:.!frame.!historypage window oppened
INFO:root:2021-02-21 14:10:32
INFO:root:.!frame.!code window oppened
INFO:root:2021-02-21 14:10:35
INFO:root:Programm is running
INFO:root:2021-02-21 14:10:35
INFO:root:Quit button pressed
INFO:root:2021-02-21 14:10:36
INFO:root:History refreshed
INFO:root:2021-02-21 14:10:36
INFO:root:.!frame.!startpage window oppened
INFO:root:2021-02-21 14:10:37
INFO:root:.!frame.!historypage window oppened
INFO:root:2021-02-21 14:10:39
INFO:root:History refreshed
INFO:root:2021-02-21 14:10:41
INFO:root:History refreshed
INFO:root:2021-02-21 14:10:42
INFO:root:.!frame.!startpage window oppened
INFO:root:2021-02-21 14:10:44
INFO:root:.!frame.!code window oppened
INFO:root:2021-02-21 14:10:50
INFO:root:.!frame.!otp window oppened
INFO:root:2021-02-21 14:10:54
INFO:root:all data:
INFO:root:['2021-02-21 14:10', 'One-time-Pad', 'lal', 'i9H']
INFO:root:2021-02-21 14:10:57
INFO:root:.!frame.!startpage window oppened
INFO:root:2021-02-21 14:10:59
INFO:root:.!frame.!historypage window oppened
INFO:root:2021-02-21 14:11:00
INFO:root:History refreshed
INFO:root:2021-02-21 14:12:07
INFO:root:Clear history button pressed
INFO:root:2021-02-21 14:12:08
INFO:root:History refreshed
INFO:root:2021-02-21 14:12:18
INFO:root:.!frame.!startpage window oppened
INFO:root:2021-02-21 14:12:19
INFO:root:.!frame.!code window oppened
INFO:root:2021-02-21 14:12:20
INFO:root:.!frame.!xor window oppened
INFO:root:2021-02-21 14:12:24
INFO:root:all data:
INFO:root:['2021-02-21 14:12', 'XOR', 'hello', '&\x1b""%']
INFO:root:2021-02-21 14:12:26
INFO:root:.!frame.!startpage window oppened
INFO:root:2021-02-21 14:12:27
INFO:root:.!frame.!historypage window oppened
INFO:root:2021-02-21 14:12:29
INFO:root:History refreshed
INFO:root:2021-02-21 14:12:32
INFO:root:.!frame.!startpage window oppened
INFO:root:2021-02-21 14:12:32
INFO:root:.!frame.!code window oppened
INFO:root:2021-02-21 14:12:33
INFO:root:.!frame.!xor window oppened
INFO:root:2021-02-21 14:12:36
INFO:root:all data:
INFO:root:['2021-02-21 14:12', 'XOR', 'hello', 'EHAAB']
INFO:root:2021-02-21 14:12:38
INFO:root:all data:
INFO:root:['2021-02-21 14:12', 'XOR', 'hello', '\x1f"\x1b\x1b\x1c']
INFO:root:2021-02-21 14:12:39
INFO:root:all data:
INFO:root:['2021-02-21 14:12', 'XOR', 'hello', '49003']
INFO:root:2021-02-21 14:12:39
INFO:root:.!frame.!startpage window oppened
INFO:root:2021-02-21 14:12:41
INFO:root:.!frame.!historypage window oppened
INFO:root:2021-02-21 14:12:42
INFO:root:History refreshed
INFO:root:2021-02-21 14:12:50
INFO:root:Clear history button pressed
INFO:root:2021-02-21 14:12:51
INFO:root:History refreshed
INFO:root:2021-02-21 14:12:53
INFO:root:Quit button pressed
INFO:root:2021-02-21 15:06:39
INFO:root:Programm is running
INFO:root:2021-02-21 15:06:39
INFO:root:History refreshed
INFO:root:2021-02-21 15:06:39
INFO:root:.!frame.!startpage window oppened
INFO:root:2021-02-21 15:06:42
INFO:root:.!frame.!settings window oppened
INFO:root:2021-02-21 15:06:51
INFO:root:Quit button pressed
INFO:root:2021-02-21 15:17:20
INFO:root:Programm is running
INFO:root:2021-02-21 15:17:21
INFO:root:History refreshed
INFO:root:2021-02-21 15:17:21
INFO:root:.!frame.!startpage window oppened
INFO:root:2021-02-21 15:17:23
INFO:root:.!frame.!settings window oppened
INFO:root:2021-02-21 15:17:32
INFO:root:Quit button pressed
INFO:root:2021-02-21 15:19:55
INFO:root:Programm is running
INFO:root:2021-02-21 15:19:56
INFO:root:History refreshed
INFO:root:2021-02-21 15:19:56
INFO:root:.!frame.!startpage window oppened
INFO:root:2021-02-21 15:19:57
INFO:root:.!frame.!settings window oppened
INFO:root:2021-02-21 15:20:04
INFO:root:.!frame.!startpage window oppened
INFO:root:2021-02-21 15:20:07
INFO:root:.!frame.!settings window oppened
INFO:root:2021-02-21 15:20:07
INFO:root:.!frame.!startpage window oppened
INFO:root:2021-02-21 15:20:08
INFO:root:.!frame.!settings window oppened
INFO:root:2021-02-21 15:20:10
INFO:root:.!frame.!startpage window oppened
INFO:root:2021-02-21 15:20:10
INFO:root:Quit button pressed
INFO:root:2021-02-21 15:20:49
INFO:root:Programm is running
INFO:root:2021-02-21 15:20:49
INFO:root:History refreshed
INFO:root:2021-02-21 15:20:49
INFO:root:.!frame.!startpage window oppened
INFO:root:2021-02-21 15:20:54
INFO:root:.!frame.!settings window oppened
INFO:root:2021-02-21 15:20:57
INFO:root:Quit button pressed
INFO:root:2021-02-21 15:21:09
INFO:root:Programm is running
INFO:root:2021-02-21 15:21:10
INFO:root:History refreshed
INFO:root:2021-02-21 15:21:10
INFO:root:.!frame.!startpage window oppened
INFO:root:2021-02-21 15:21:11
INFO:root:.!frame.!settings window oppened
INFO:root:2021-02-21 15:21:26
INFO:root:Quit button pressed
INFO:root:2021-02-21 15:22:16
INFO:root:Programm is running
INFO:root:2021-02-21 15:22:16
INFO:root:History refreshed
INFO:root:2021-02-21 15:22:16
INFO:root:.!frame.!startpage window oppened
INFO:root:2021-02-21 15:22:18
INFO:root:.!frame.!settings window oppened
INFO:root:2021-02-21 15:22:24
INFO:root:Quit button pressed
INFO:root:2021-02-21 15:22:45
INFO:root:Programm is running
INFO:root:2021-02-21 15:22:46
INFO:root:History refreshed
INFO:root:2021-02-21 15:22:46
INFO:root:.!frame.!startpage window oppened
INFO:root:2021-02-21 15:22:47
INFO:root:.!frame.!settings window oppened
INFO:root:2021-02-21 15:22:52
INFO:root:Quit button pressed
INFO:root:2021-02-21 15:23:50
INFO:root:Programm is running
INFO:root:2021-02-21 15:23:50
INFO:root:History refreshed
INFO:root:2021-02-21 15:23:50
INFO:root:.!frame.!startpage window oppened
INFO:root:2021-02-21 15:23:52
INFO:root:.!frame.!settings window oppened
INFO:root:2021-02-21 15:23:56
INFO:root:Quit button pressed
INFO:root:2021-02-21 15:24:09
INFO:root:Programm is running
INFO:root:2021-02-21 15:24:10
INFO:root:History refreshed
INFO:root:2021-02-21 15:24:10
INFO:root:.!frame.!startpage window oppened
INFO:root:2021-02-21 15:24:12
INFO:root:.!frame.!settings window oppened
INFO:root:2021-02-21 15:24:18
INFO:root:Quit button pressed
INFO:root:2021-02-21 15:26:32
INFO:root:Programm is running
INFO:root:2021-02-21 15:26:32
INFO:root:History refreshed
INFO:root:2021-02-21 15:26:32
INFO:root:.!frame.!startpage window oppened
INFO:root:2021-02-21 15:26:33
INFO:root:.!frame.!settings window oppened
INFO:root:2021-02-21 15:26:37
INFO:root:.!frame.!startpage window oppened
INFO:root:2021-02-21 15:26:38
INFO:root:.!frame.!settings window oppened
INFO:root:2021-02-21 15:26:40
INFO:root:Quit button pressed
INFO:root:2021-02-21 15:26:57
INFO:root:Programm is running
INFO:root:2021-02-21 15:26:57
INFO:root:History refreshed
INFO:root:2021-02-21 15:26:57
INFO:root:.!frame.!startpage window oppened
INFO:root:2021-02-21 15:26:58
INFO:root:.!frame.!settings window oppened
INFO:root:2021-02-21 15:27:12
INFO:root:.!frame.!code window oppened
INFO:root:2021-02-21 15:27:15
INFO:root:Programm is running
INFO:root:2021-02-21 15:27:16
INFO:root:Quit button pressed
INFO:root:2021-02-21 15:27:16
INFO:root:History refreshed
INFO:root:2021-02-21 15:27:16
INFO:root:.!frame.!startpage window oppened
INFO:root:2021-02-21 15:27:18
INFO:root:.!frame.!settings window oppened
INFO:root:2021-02-21 15:27:37
INFO:root:.!frame.!code window oppened
INFO:root:2021-02-21 15:28:31
INFO:root:.!frame.!code window oppened
INFO:root:2021-02-21 15:29:13
INFO:root:.!frame.!code window oppened
INFO:root:2021-02-21 15:29:29
INFO:root:.!frame.!code window oppened
INFO:root:2021-02-21 15:29:32
INFO:root:Programm is running
INFO:root:2021-02-21 15:29:32
INFO:root:Quit button pressed
INFO:root:2021-02-21 15:29:33
INFO:root:History refreshed
INFO:root:2021-02-21 15:29:33
INFO:root:.!frame.!startpage window oppened
INFO:root:2021-02-21 15:29:34
INFO:root:.!frame.!settings window oppened
INFO:root:2021-02-21 15:30:22
INFO:root:.!frame.!code window oppened
INFO:root:2021-02-21 15:30:42
INFO:root:.!frame.!code window oppened
INFO:root:2021-02-21 15:30:45
INFO:root:Programm is running
INFO:root:2021-02-21 15:30:45
INFO:root:History refreshed
INFO:root:2021-02-21 15:30:45
INFO:root:.!frame.!startpage window oppened
INFO:root:2021-02-21 15:30:45
INFO:root:Quit button pressed
INFO:root:2021-02-21 15:30:47
INFO:root:.!frame.!settings window oppened
INFO:root:2021-02-21 15:30:51
INFO:root:Quit button pressed
INFO:root:2021-02-21 15:31:33
INFO:root:Programm is running
INFO:root:2021-02-21 15:31:34
INFO:root:History refreshed
INFO:root:2021-02-21 15:31:34
INFO:root:.!frame.!startpage window oppened
INFO:root:2021-02-21 15:31:38
INFO:root:.!frame.!settings window oppened
INFO:root:2021-02-21 15:31:47
INFO:root:Quit button pressed
INFO:root:2021-02-21 15:31:55
INFO:root:Programm is running
INFO:root:2021-02-21 15:31:56
INFO:root:History refreshed
INFO:root:2021-02-21 15:31:56
INFO:root:.!frame.!startpage window oppened
INFO:root:2021-02-21 15:31:57
INFO:root:.!frame.!settings window oppened
INFO:root:2021-02-21 15:32:07
INFO:root:.!frame.!startpage window oppened
INFO:root:2021-02-21 15:32:09
INFO:root:.!frame.!settings window oppened
INFO:root:2021-02-21 15:32:32
INFO:root:Quit button pressed
INFO:root:2021-02-21 15:32:46
INFO:root:Programm is running
INFO:root:2021-02-21 15:32:47
INFO:root:History refreshed
INFO:root:2021-02-21 15:32:47
INFO:root:.!frame.!startpage window oppened
INFO:root:2021-02-21 15:32:48
INFO:root:.!frame.!settings window oppened
INFO:root:2021-02-21 15:32:52
INFO:root:Quit button pressed
INFO:root:2021-02-21 15:33:52
INFO:root:Programm is running
INFO:root:2021-02-21 15:33:53
INFO:root:History refreshed
INFO:root:2021-02-21 15:33:53
INFO:root:.!frame.!startpage window oppened
INFO:root:2021-02-21 15:33:54
INFO:root:.!frame.!settings window oppened
INFO:root:2021-02-21 15:34:01
INFO:root:Quit button pressed
INFO:root:2021-02-21 15:34:31
INFO:root:Programm is running
INFO:root:2021-02-21 15:34:31
INFO:root:History refreshed
INFO:root:2021-02-21 15:34:31
INFO:root:.!frame.!startpage window oppened
INFO:root:2021-02-21 15:34:33
INFO:root:.!frame.!settings window oppened
INFO:root:2021-02-21 15:34:35
INFO:root:.!frame.!startpage window oppened
INFO:root:2021-02-21 15:34:37
INFO:root:.!frame.!settings window oppened
INFO:root:2021-02-21 15:34:38
INFO:root:Quit button pressed
INFO:root:2021-02-21 15:34:47
INFO:root:Programm is running
INFO:root:2021-02-21 15:34:48
INFO:root:History refreshed
INFO:root:2021-02-21 15:34:48
INFO:root:.!frame.!startpage window oppened
INFO:root:2021-02-21 15:34:49
INFO:root:.!frame.!settings window oppened
INFO:root:2021-02-21 15:34:52
INFO:root:.!frame.!startpage window oppened
INFO:root:2021-02-21 15:34:54
INFO:root:Quit button pressed
INFO:root:2021-02-21 15:35:30
INFO:root:Programm is running
INFO:root:2021-02-21 15:35:31
INFO:root:History refreshed
INFO:root:2021-02-21 15:35:31
INFO:root:.!frame.!startpage window oppened
INFO:root:2021-02-21 15:35:32
INFO:root:.!frame.!settings window oppened
INFO:root:2021-02-21 15:35:39
INFO:root:.!frame.!startpage window oppened
INFO:root:2021-02-21 15:35:40
INFO:root:.!frame.!settings window oppened
INFO:root:2021-02-21 15:35:50
INFO:root:Quit button pressed
INFO:root:2021-02-21 15:37:07
INFO:root:Programm is running
INFO:root:2021-02-21 15:37:08
INFO:root:History refreshed
INFO:root:2021-02-21 15:37:08
INFO:root:.!frame.!startpage window oppened
INFO:root:2021-02-21 15:37:09
INFO:root:.!frame.!historypage window oppened
INFO:root:2021-02-21 15:37:11
INFO:root:History refreshed
INFO:root:2021-02-21 15:37:12
INFO:root:.!frame.!startpage window oppened
INFO:root:2021-02-21 15:37:13
INFO:root:.!frame.!settings window oppened
INFO:root:2021-02-21 15:37:20
INFO:root:Quit button pressed
INFO:root:2021-02-21 15:37:29
INFO:root:Programm is running
INFO:root:2021-02-21 15:37:29
INFO:root:History refreshed
INFO:root:2021-02-21 15:37:29
INFO:root:.!frame.!startpage window oppened
INFO:root:2021-02-21 15:37:31
INFO:root:.!frame.!settings window oppened
INFO:root:2021-02-21 15:37:35
INFO:root:Quit button pressed
INFO:root:2021-02-21 15:38:55
INFO:root:Programm is running
INFO:root:2021-02-21 15:38:55
INFO:root:History refreshed
INFO:root:2021-02-21 15:38:55
INFO:root:.!frame.!startpage window oppened
INFO:root:2021-02-21 15:38:57
INFO:root:.!frame.!settings window oppened
INFO:root:2021-02-21 15:39:04
INFO:root:Quit button pressed
INFO:root:2021-02-21 15:39:27
INFO:root:Programm is running
INFO:root:2021-02-21 15:39:28
INFO:root:History refreshed
INFO:root:2021-02-21 15:39:28
INFO:root:.!frame.!startpage window oppened
INFO:root:2021-02-21 15:39:29
INFO:root:.!frame.!settings window oppened
INFO:root:2021-02-21 15:39:38
INFO:root:Quit button pressed
INFO:root:2021-02-21 15:42:36
INFO:root:Programm is running
INFO:root:2021-02-21 15:42:36
INFO:root:History refreshed
INFO:root:2021-02-21 15:42:36
INFO:root:.!frame.!startpage window oppened
INFO:root:2021-02-21 15:42:37
INFO:root:.!frame.!settings window oppened
INFO:root:2021-02-21 15:42:42
INFO:root:Quit button pressed
INFO:root:2021-02-21 15:43:45
INFO:root:Programm is running
INFO:root:2021-02-21 15:43:45
INFO:root:History refreshed
INFO:root:2021-02-21 15:43:45
INFO:root:.!frame.!startpage window oppened
INFO:root:2021-02-21 15:43:47
INFO:root:.!frame.!settings window oppened
INFO:root:2021-02-21 15:43:51
INFO:root:Quit button pressed
INFO:root:2021-02-21 15:46:44
INFO:root:Programm is running
INFO:root:2021-02-21 15:46:44
INFO:root:History refreshed
INFO:root:2021-02-21 15:46:44
INFO:root:.!frame.!startpage window oppened
INFO:root:2021-02-21 15:46:46
INFO:root:.!frame.!settings window oppened
INFO:root:2021-02-21 15:47:06
INFO:root:.!frame.!code window oppened
INFO:root:2021-02-21 15:47:13
INFO:root:.!frame.!code window oppened
INFO:root:2021-02-21 15:47:16
INFO:root:Programm is running
INFO:root:2021-02-21 15:47:17
INFO:root:History refreshed
INFO:root:2021-02-21 15:47:17
INFO:root:.!frame.!startpage window oppened
INFO:root:2021-02-21 15:47:17
INFO:root:Quit button pressed
INFO:root:2021-02-21 15:47:19
INFO:root:Quit button pressed
INFO:root:2021-02-21 15:47:49
INFO:root:Programm is running
INFO:root:2021-02-21 15:47:49
INFO:root:History refreshed
INFO:root:2021-02-21 15:47:49
INFO:root:.!frame.!startpage window oppened
INFO:root:2021-02-21 15:47:51
INFO:root:.!frame.!settings window oppened
INFO:root:2021-02-21 15:47:58
INFO:root:Quit button pressed
INFO:root:2021-02-21 15:53:57
INFO:root:Programm is running
INFO:root:2021-02-21 15:53:57
INFO:root:History refreshed
INFO:root:2021-02-21 15:53:57
INFO:root:.!frame.!startpage window oppened
INFO:root:2021-02-21 15:53:59
INFO:root:.!frame.!settings window oppened
INFO:root:2021-02-21 15:54:29
INFO:root:.!frame.!code window oppened
INFO:root:2021-02-21 15:54:36
INFO:root:.!frame.!code window oppened
INFO:root:2021-02-21 15:55:16
INFO:root:.!frame.!code window oppened
INFO:root:2021-02-21 15:55:20
INFO:root:Quit button pressed
INFO:root:2021-02-21 15:55:24
INFO:root:Programm is running
INFO:root:2021-02-21 15:55:25
INFO:root:History refreshed
INFO:root:2021-02-21 15:55:25
INFO:root:.!frame.!startpage window oppened
INFO:root:2021-02-21 15:55:26
INFO:root:.!frame.!settings window oppened
INFO:root:2021-02-21 15:55:29
INFO:root:Quit button pressed
INFO:root:2021-02-21 15:59:18
INFO:root:Programm is running
INFO:root:2021-02-21 15:59:19
INFO:root:History refreshed
INFO:root:2021-02-21 15:59:19
INFO:root:.!frame.!startpage window oppened
INFO:root:2021-02-21 15:59:20
INFO:root:.!frame.!settings window oppened
INFO:root:2021-02-21 15:59:52
INFO:root:.!frame.!startpage window oppened
INFO:root:2021-02-21 15:59:53
INFO:root:Quit button pressed
INFO:root:2021-02-21 17:24:09
INFO:root:Programm is running
INFO:root:2021-02-21 17:24:11
INFO:root:History refreshed
INFO:root:2021-02-21 17:24:11
INFO:root:.!frame.!startpage window oppened
INFO:root:2021-02-21 17:24:12
INFO:root:.!frame.!settings window oppened
INFO:root:2021-02-21 17:24:21
INFO:root:Quit button pressed
INFO:root:2021-02-21 20:33:56
INFO:root:Programm is running
INFO:root:2021-02-21 20:34:00
INFO:root:History refreshed
INFO:root:2021-02-21 20:34:00
INFO:root:.!frame.!startpage window oppened
INFO:root:2021-02-21 20:34:40
INFO:root:.!frame.!historypage window oppened
INFO:root:2021-02-21 20:34:42
INFO:root:.!frame.!startpage window oppened
INFO:root:2021-02-21 20:34:43
INFO:root:.!frame.!code window oppened
INFO:root:2021-02-21 20:34:43
INFO:root:.!frame.!xor window oppened
INFO:root:2021-02-21 20:34:47
INFO:root:all data:
INFO:root:['2021-02-21 20:34', 'XOR', 'hello', '5@996']
INFO:root:2021-02-21 20:34:51
INFO:root:.!frame.!startpage window oppened
INFO:root:2021-02-21 20:34:52
INFO:root:.!frame.!historypage window oppened
INFO:root:2021-02-21 20:34:54
INFO:root:History refreshed
INFO:root:2021-02-21 20:34:56
INFO:root:Clear history button pressed
INFO:root:2021-02-21 20:34:57
INFO:root:History refreshed
INFO:root:2021-02-21 20:35:00
INFO:root:.!frame.!startpage window oppened
INFO:root:2021-02-21 20:35:01
INFO:root:.!frame.!settings window oppened
INFO:root:2021-02-21 20:35:06
INFO:root:.!frame.!startpage window oppened
INFO:root:2021-02-21 20:35:07
INFO:root:.!frame.!settings window oppened
INFO:root:2021-02-21 20:35:14
INFO:root:Quit button pressed
INFO:root:2021-02-21 20:36:30
INFO:root:Programm is running
INFO:root:2021-02-21 20:36:31
INFO:root:History refreshed
INFO:root:2021-02-21 20:36:31
INFO:root:.!frame.!startpage window oppened
INFO:root:2021-02-21 20:36:34
INFO:root:.!frame.!historypage window oppened
INFO:root:2021-02-21 20:36:35
INFO:root:History refreshed
INFO:root:2021-02-21 20:36:35
INFO:root:History refreshed
INFO:root:2021-02-21 20:36:35
INFO:root:History refreshed
INFO:root:2021-02-21 20:36:36
INFO:root:.!frame.!startpage window oppened
INFO:root:2021-02-21 20:36:37
INFO:root:.!frame.!code window oppened
INFO:root:2021-02-21 20:36:38
INFO:root:.!frame.!xor window oppened
INFO:root:2021-02-21 20:36:45
INFO:root:all data:
INFO:root:['2021-02-21 20:36', 'XOR', 'hello', '!$\x1d\x1d\x1a']
INFO:root:2021-02-21 20:36:45
INFO:root:.!frame.!startpage window oppened
INFO:root:2021-02-21 20:36:47
INFO:root:.!frame.!historypage window oppened
INFO:root:2021-02-21 20:36:49
INFO:root:History refreshed
INFO:root:2021-02-21 20:36:51
INFO:root:Clear history button pressed
INFO:root:2021-02-21 20:36:51
INFO:root:History refreshed
INFO:root:2021-02-21 20:37:29
INFO:root:.!frame.!startpage window oppened
INFO:root:2021-02-21 20:37:38
INFO:root:.!frame.!historypage window oppened
INFO:root:2021-02-21 20:37:39
INFO:root:History refreshed
INFO:root:2021-02-21 20:37:40
INFO:root:History refreshed
INFO:root:2021-02-21 20:37:40
INFO:root:History refreshed
INFO:root:2021-02-21 20:37:41
INFO:root:History refreshed
INFO:root:2021-02-21 20:37:41
INFO:root:History refreshed
INFO:root:2021-02-21 20:37:41
INFO:root:History refreshed
INFO:root:2021-02-21 20:37:42
INFO:root:History refreshed
INFO:root:2021-02-21 20:37:42
INFO:root:History refreshed
INFO:root:2021-02-21 20:37:42
INFO:root:History refreshed
INFO:root:2021-02-21 20:37:47
INFO:root:History refreshed
INFO:root:2021-02-21 20:37:47
INFO:root:History refreshed
INFO:root:2021-02-21 20:37:48
INFO:root:History refreshed
INFO:root:2021-02-21 20:37:48
INFO:root:History refreshed
INFO:root:2021-02-21 20:37:48
INFO:root:History refreshed
INFO:root:2021-02-21 20:37:49
INFO:root:Clear history button pressed
INFO:root:2021-02-21 20:37:50
INFO:root:History refreshed
INFO:root:2021-02-21 20:37:50
INFO:root:History refreshed
INFO:root:2021-02-21 20:37:50
INFO:root:History refreshed
INFO:root:2021-02-21 20:37:51
INFO:root:Clear history button pressed
INFO:root:2021-02-21 20:37:51
INFO:root:Clear history button pressed
INFO:root:2021-02-21 20:37:51
INFO:root:Clear history button pressed
INFO:root:2021-02-21 20:37:51
INFO:root:Clear history button pressed
INFO:root:2021-02-21 20:37:52
INFO:root:History refreshed
INFO:root:2021-02-21 20:37:52
INFO:root:History refreshed
INFO:root:2021-02-21 20:37:52
INFO:root:History refreshed
INFO:root:2021-02-21 20:37:52
INFO:root:History refreshed
INFO:root:2021-02-21 20:37:56
INFO:root:.!frame.!startpage window oppened
INFO:root:2021-02-21 20:37:58
INFO:root:.!frame.!historypage window oppened
INFO:root:2021-02-21 20:38:00
INFO:root:History refreshed
INFO:root:2021-02-21 20:38:01
INFO:root:.!frame.!startpage window oppened
INFO:root:2021-02-21 20:38:02
INFO:root:.!frame.!code window oppened
INFO:root:2021-02-21 20:38:03
INFO:root:.!frame.!xor window oppened
INFO:root:2021-02-21 20:38:05
INFO:root:all data:
INFO:root:['2021-02-21 20:38', 'XOR', 'hello', '\x1b0\x1f\x1f ']
INFO:root:2021-02-21 20:38:08
INFO:root:all data:
INFO:root:['2021-02-21 20:38', 'XOR', 'hello', 'kfool']
INFO:root:2021-02-21 20:38:09
INFO:root:all data:
INFO:root:['2021-02-21 20:38', 'XOR', 'hello', ' /\x1c\x1c\x1b']
INFO:root:2021-02-21 20:38:10
INFO:root:.!frame.!startpage window oppened
INFO:root:2021-02-21 20:38:11
INFO:root:.!frame.!historypage window oppened
INFO:root:2021-02-21 20:38:12
INFO:root:History refreshed
INFO:root:2021-02-21 20:38:18
INFO:root:History refreshed
INFO:root:2021-02-21 20:38:19
INFO:root:Clear history button pressed
INFO:root:2021-02-21 20:38:19
INFO:root:History refreshed
INFO:root:2021-02-21 20:38:23
INFO:root:.!frame.!startpage window oppened
INFO:root:2021-02-21 20:38:47
INFO:root:.!frame.!settings window oppened
INFO:root:2021-02-21 20:39:08
INFO:root:Quit button pressed
INFO:root:2021-02-21 20:39:17
INFO:root:Programm is running
INFO:root:2021-02-21 20:39:17
INFO:root:History refreshed
INFO:root:2021-02-21 20:39:17
INFO:root:.!frame.!startpage window oppened
INFO:root:2021-02-21 20:39:23
INFO:root:Quit button pressed
INFO:root:2021-02-21 20:40:04
INFO:root:Programm is running
INFO:root:2021-02-21 20:40:05
INFO:root:History refreshed
INFO:root:2021-02-21 20:40:05
INFO:root:.!frame.!startpage window oppened
INFO:root:2021-02-21 20:40:15
INFO:root:Close all button pressed
INFO:root:2021-02-21 20:40:45
INFO:root:.!frame.!code window oppened
INFO:root:2021-02-21 20:42:11
INFO:root:.!frame.!code window oppened
INFO:root:2021-02-21 20:42:14
INFO:root:.!frame.!code window oppened
INFO:root:2021-02-21 20:42:37
INFO:root:Quit button pressed
